.\Debug\FaceDetection.ilk
.\Debug\FaceDetection.pdb
C:\Documents and Settings\Administrator\桌面\FaceDetection\FaceDetection\.\Debug\FaceDetection.exe
C:\Documents and Settings\Administrator\桌面\FaceDetection\FaceDetection\.\Debug\FaceDetection.exe.intermediate.manifest
C:\Documents and Settings\Administrator\桌面\FaceDetection\FaceDetection\Debug\cl.command.1.tlog
C:\Documents and Settings\Administrator\桌面\FaceDetection\FaceDetection\Debug\CL.read.1.tlog
C:\Documents and Settings\Administrator\桌面\FaceDetection\FaceDetection\Debug\CL.write.1.tlog
C:\DOCUMENTS AND SETTINGS\ADMINISTRATOR\桌面\FACEDETECTION\FACEDETECTION\DEBUG\FACEDETECTION.EXE
C:\DOCUMENTS AND SETTINGS\ADMINISTRATOR\桌面\FACEDETECTION\FACEDETECTION\DEBUG\FACEDETECTION.EXE.EMBED.MANIFEST
C:\DOCUMENTS AND SETTINGS\ADMINISTRATOR\桌面\FACEDETECTION\FACEDETECTION\DEBUG\FACEDETECTION.EXE.EMBED.MANIFEST.RES
C:\DOCUMENTS AND SETTINGS\ADMINISTRATOR\桌面\FACEDETECTION\FACEDETECTION\DEBUG\FACEDETECTION.EXE.INTERMEDIATE.MANIFEST
C:\DOCUMENTS AND SETTINGS\ADMINISTRATOR\桌面\FACEDETECTION\FACEDETECTION\DEBUG\FACEDETECTION.ILK
C:\DOCUMENTS AND SETTINGS\ADMINISTRATOR\桌面\FACEDETECTION\FACEDETECTION\DEBUG\FACEDETECTION.OBJ
C:\DOCUMENTS AND SETTINGS\ADMINISTRATOR\桌面\FACEDETECTION\FACEDETECTION\DEBUG\FACEDETECTION.PDB
C:\Documents and Settings\Administrator\桌面\FaceDetection\FaceDetection\Debug\FaceDetection_manifest.rc
C:\Documents and Settings\Administrator\桌面\FaceDetection\FaceDetection\Debug\link.6052.read.1.tlog
C:\Documents and Settings\Administrator\桌面\FaceDetection\FaceDetection\Debug\link.6052.write.1.tlog
C:\Documents and Settings\Administrator\桌面\FaceDetection\FaceDetection\Debug\link.6052-cvtres.read.1.tlog
C:\Documents and Settings\Administrator\桌面\FaceDetection\FaceDetection\Debug\link.6052-cvtres.write.1.tlog
C:\Documents and Settings\Administrator\桌面\FaceDetection\FaceDetection\Debug\link.command.1.tlog
C:\Documents and Settings\Administrator\桌面\FaceDetection\FaceDetection\Debug\link.read.1.tlog
C:\Documents and Settings\Administrator\桌面\FaceDetection\FaceDetection\Debug\link.write.1.tlog
C:\Documents and Settings\Administrator\桌面\FaceDetection\FaceDetection\Debug\link-cvtres.read.1.tlog
C:\Documents and Settings\Administrator\桌面\FaceDetection\FaceDetection\Debug\link-cvtres.write.1.tlog
C:\Documents and Settings\Administrator\桌面\FaceDetection\FaceDetection\Debug\mt.command.1.tlog
C:\Documents and Settings\Administrator\桌面\FaceDetection\FaceDetection\Debug\mt.read.1.tlog
C:\Documents and Settings\Administrator\桌面\FaceDetection\FaceDetection\Debug\mt.write.1.tlog
C:\Documents and Settings\Administrator\桌面\FaceDetection\FaceDetection\Debug\rc.command.1.tlog
C:\Documents and Settings\Administrator\桌面\FaceDetection\FaceDetection\Debug\rc.read.1.tlog
C:\Documents and Settings\Administrator\桌面\FaceDetection\FaceDetection\Debug\rc.write.1.tlog
C:\Documents and Settings\Administrator\桌面\FaceDetection\FaceDetection\Debug\vc100.idb
C:\DOCUMENTS AND SETTINGS\ADMINISTRATOR\桌面\FACEDETECTION\FACEDETECTION\DEBUG\VC100.PDB
